2023-07-24 15:07:40 INFO  HomePage :38 - Click on login link[[ChromeDriver: chrome on windows (c763cfbf052f2ae87b63591fb4818478)] -> xpath: //a[contains(text(),'Log in')]]
2023-07-24 15:07:693 INFO  HomePage :38 - Click on login link[[ChromeDriver: chrome on windows (4a028e1abeca3f79b6ac5e31f87b80cc)] -> xpath: //a[contains(text(),'Log in')]]
2023-07-24 15:07:30 INFO  HomePage :38 - Click on login link[[ChromeDriver: chrome on windows (635771f8e8ba6524150263f67b3ebc68)] -> xpath: //a[contains(text(),'Log in')]]
2023-07-24 15:07:80 INFO  LoginPage :34 - Verify text welcome[[ChromeDriver: chrome on windows (635771f8e8ba6524150263f67b3ebc68)] -> xpath: //h1[contains(text(),'Welcome, Please Sign In!')]]
2023-07-24 16:07:468 INFO  HomePage :38 - Click on login link[[ChromeDriver: chrome on windows (c2b4d500c7cd29b07b5f38bd54d31e27)] -> xpath: //a[contains(text(),'Log in')]]
2023-07-24 16:07:629 INFO  LoginPage :41 - enter email id[[ChromeDriver: chrome on windows (c2b4d500c7cd29b07b5f38bd54d31e27)] -> xpath: //input[@id='Email']]
2023-07-24 16:07:728 INFO  LoginPage :47 - enter password[[ChromeDriver: chrome on windows (c2b4d500c7cd29b07b5f38bd54d31e27)] -> xpath: //input[@id='Password']]
2023-07-24 16:07:60 INFO  LoginPage :53 - click on login button[[ChromeDriver: chrome on windows (c2b4d500c7cd29b07b5f38bd54d31e27)] -> xpath: //button[contains(text(),'Log in')]]
2023-07-24 16:07:102 INFO  LoginPage :59 - Verify error text[[ChromeDriver: chrome on windows (c2b4d500c7cd29b07b5f38bd54d31e27)] -> xpath: //div[@class='message-error validation-summary-errors']]
2023-07-24 16:07:616 INFO  HomePage :38 - Click on login link[[ChromeDriver: chrome on windows (1fc0abf20ad472028a856a4417c1d61f)] -> xpath: //a[contains(text(),'Log in')]]
2023-07-24 16:07:736 INFO  LoginPage :41 - enter email id[[ChromeDriver: chrome on windows (1fc0abf20ad472028a856a4417c1d61f)] -> xpath: //input[@id='Email']]
2023-07-24 16:07:825 INFO  LoginPage :47 - enter password[[ChromeDriver: chrome on windows (1fc0abf20ad472028a856a4417c1d61f)] -> xpath: //input[@id='Password']]
2023-07-24 16:07:381 INFO  LoginPage :53 - click on login button[[ChromeDriver: chrome on windows (1fc0abf20ad472028a856a4417c1d61f)] -> xpath: //button[contains(text(),'Log in')]]
2023-07-24 16:07:496 INFO  LoginPage :59 - Verify error text[[ChromeDriver: chrome on windows (1fc0abf20ad472028a856a4417c1d61f)] -> xpath: //div[@class='message-error validation-summary-errors']]
2023-07-24 16:07:674 INFO  HomePage :38 - Click on login link[[ChromeDriver: chrome on windows (6348e843c895e0a6932b07c2e6bb6a13)] -> xpath: //a[contains(text(),'Log in')]]
2023-07-24 16:07:723 INFO  LoginPage :34 - Verify text welcome[[ChromeDriver: chrome on windows (6348e843c895e0a6932b07c2e6bb6a13)] -> xpath: //h1[contains(text(),'Welcome, Please Sign In!')]]
2023-07-24 16:07:732 INFO  HomePage :38 - Click on login link[[ChromeDriver: chrome on windows (fdceeb099c4e4964a3f767729ec41f60)] -> xpath: //a[contains(text(),'Log in')]]
2023-07-24 16:07:970 INFO  LoginPage :41 - enter email id[[ChromeDriver: chrome on windows (fdceeb099c4e4964a3f767729ec41f60)] -> xpath: //input[@id='Email']]
2023-07-24 16:07:152 INFO  LoginPage :47 - enter password[[ChromeDriver: chrome on windows (fdceeb099c4e4964a3f767729ec41f60)] -> xpath: //input[@id='Password']]
2023-07-24 16:07:516 INFO  LoginPage :53 - click on login button[[ChromeDriver: chrome on windows (fdceeb099c4e4964a3f767729ec41f60)] -> xpath: //button[contains(text(),'Log in')]]
2023-07-24 16:07:566 INFO  LoginPage :59 - Verify error text[[ChromeDriver: chrome on windows (fdceeb099c4e4964a3f767729ec41f60)] -> xpath: //div[@class='message-error validation-summary-errors']]
2023-07-24 16:07:333 INFO  HomePage :38 - Click on login link[[ChromeDriver: chrome on windows (ef53c0835b9b065a560165667f811e4f)] -> xpath: //a[contains(text(),'Log in')]]
2023-07-24 16:07:490 INFO  LoginPage :41 - enter email id[[ChromeDriver: chrome on windows (ef53c0835b9b065a560165667f811e4f)] -> xpath: //input[@id='Email']]
2023-07-24 16:07:597 INFO  LoginPage :47 - enter password[[ChromeDriver: chrome on windows (ef53c0835b9b065a560165667f811e4f)] -> xpath: //input[@id='Password']]
2023-07-24 16:07:52 INFO  LoginPage :53 - click on login button[[ChromeDriver: chrome on windows (ef53c0835b9b065a560165667f811e4f)] -> xpath: //button[contains(text(),'Log in')]]
2023-07-24 16:07:188 INFO  HomePage :44 - Verify text Logout[[ChromeDriver: chrome on windows (ef53c0835b9b065a560165667f811e4f)] -> xpath: //a[contains(text(),'Log out')]]
2023-07-24 16:07:836 INFO  HomePage :38 - Click on login link[[ChromeDriver: chrome on windows (f75a5066c0dbbab32852182d4cd6e19e)] -> xpath: //a[contains(text(),'Log in')]]
2023-07-24 16:07:885 INFO  LoginPage :34 - Verify text welcome[[ChromeDriver: chrome on windows (f75a5066c0dbbab32852182d4cd6e19e)] -> xpath: //h1[contains(text(),'Welcome, Please Sign In!')]]
2023-07-24 16:07:378 INFO  HomePage :38 - Click on login link[[ChromeDriver: chrome on windows (9a8d9d08cfbacdf8cf496196720778a5)] -> xpath: //a[contains(text(),'Log in')]]
2023-07-24 16:07:543 INFO  LoginPage :41 - enter email id[[ChromeDriver: chrome on windows (9a8d9d08cfbacdf8cf496196720778a5)] -> xpath: //input[@id='Email']]
2023-07-24 16:07:708 INFO  LoginPage :47 - enter password[[ChromeDriver: chrome on windows (9a8d9d08cfbacdf8cf496196720778a5)] -> xpath: //input[@id='Password']]
2023-07-24 16:07:982 INFO  LoginPage :53 - click on login button[[ChromeDriver: chrome on windows (9a8d9d08cfbacdf8cf496196720778a5)] -> xpath: //button[contains(text(),'Log in')]]
2023-07-24 16:07:159 INFO  LoginPage :59 - Verify error text[[ChromeDriver: chrome on windows (9a8d9d08cfbacdf8cf496196720778a5)] -> xpath: //div[@class='message-error validation-summary-errors']]
2023-07-24 16:07:869 INFO  HomePage :38 - Click on login link[[ChromeDriver: chrome on windows (3a2e2ecd95148ae1be4a1fc9ca0252d7)] -> xpath: //a[contains(text(),'Log in')]]
2023-07-24 16:07:980 INFO  LoginPage :41 - enter email id[[ChromeDriver: chrome on windows (3a2e2ecd95148ae1be4a1fc9ca0252d7)] -> xpath: //input[@id='Email']]
2023-07-24 16:07:72 INFO  LoginPage :47 - enter password[[ChromeDriver: chrome on windows (3a2e2ecd95148ae1be4a1fc9ca0252d7)] -> xpath: //input[@id='Password']]
2023-07-24 16:07:611 INFO  LoginPage :53 - click on login button[[ChromeDriver: chrome on windows (3a2e2ecd95148ae1be4a1fc9ca0252d7)] -> xpath: //button[contains(text(),'Log in')]]
2023-07-24 16:07:652 INFO  HomePage :44 - Verify text Logout[[ChromeDriver: chrome on windows (3a2e2ecd95148ae1be4a1fc9ca0252d7)] -> xpath: //a[contains(text(),'Log out')]]
2023-07-24 16:07:69 INFO  HomePage :38 - Click on login link[[ChromeDriver: chrome on windows (ce286af9128cc33451543dc8943a99d3)] -> xpath: //a[contains(text(),'Log in')]]
2023-07-24 16:07:203 INFO  LoginPage :41 - enter email id[[ChromeDriver: chrome on windows (ce286af9128cc33451543dc8943a99d3)] -> xpath: //input[@id='Email']]
2023-07-24 16:07:300 INFO  LoginPage :47 - enter password[[ChromeDriver: chrome on windows (ce286af9128cc33451543dc8943a99d3)] -> xpath: //input[@id='Password']]
2023-07-24 16:07:830 INFO  LoginPage :53 - click on login button[[ChromeDriver: chrome on windows (ce286af9128cc33451543dc8943a99d3)] -> xpath: //button[contains(text(),'Log in')]]
2023-07-24 16:07:363 INFO  HomePage :51 - Click on logout link[[ChromeDriver: chrome on windows (ce286af9128cc33451543dc8943a99d3)] -> xpath: //a[contains(text(),'Log out')]]
2023-07-24 16:07:412 INFO  HomePage :57 - Verify text Login link[[ChromeDriver: chrome on windows (ce286af9128cc33451543dc8943a99d3)] -> xpath: //a[contains(text(),'Log in')]]
2023-07-25 10:07:295 INFO  HomePage :38 - Click on login link[[ChromeDriver: chrome on windows (67315e589956cba0ae9c3dd345054a2e)] -> xpath: //a[contains(text(),'Log in')]]
2023-07-25 10:07:382 INFO  LoginPage :34 - Verify text welcome[[ChromeDriver: chrome on windows (67315e589956cba0ae9c3dd345054a2e)] -> xpath: //h1[contains(text(),'Welcome, Please Sign In!')]]
2023-07-25 10:07:516 INFO  HomePage :64 - Click on register link[[ChromeDriver: chrome on windows (8934f8292f2990f5cd27b360109e56c7)] -> xpath: //a[contains(text(),'Register')]]
2023-07-25 10:07:86 INFO  HomePage :38 - Click on login link[[ChromeDriver: chrome on windows (9a30d24c64ca205d29317ba5ed7e2539)] -> xpath: //a[contains(text(),'Log in')]]
2023-07-25 10:07:143 INFO  LoginPage :34 - Verify text welcome[[ChromeDriver: chrome on windows (9a30d24c64ca205d29317ba5ed7e2539)] -> xpath: //h1[contains(text(),'Welcome, Please Sign In!')]]
2023-07-25 10:07:762 INFO  HomePage :38 - Click on login link[[ChromeDriver: chrome on windows (ec2fe4276de69edb9db5f11f2b0c56b5)] -> xpath: //a[contains(text(),'Log in')]]
2023-07-25 10:07:963 INFO  LoginPage :41 - enter email id[[ChromeDriver: chrome on windows (ec2fe4276de69edb9db5f11f2b0c56b5)] -> xpath: //input[@id='Email']]
2023-07-25 10:07:70 INFO  LoginPage :47 - enter password[[ChromeDriver: chrome on windows (ec2fe4276de69edb9db5f11f2b0c56b5)] -> xpath: //input[@id='Password']]
2023-07-25 10:07:369 INFO  LoginPage :53 - click on login button[[ChromeDriver: chrome on windows (ec2fe4276de69edb9db5f11f2b0c56b5)] -> xpath: //button[contains(text(),'Log in')]]
2023-07-25 10:07:737 INFO  HomePage :38 - Click on login link[[ChromeDriver: chrome on windows (c4ad41d036e3b9788b037a45f52efb47)] -> xpath: //a[contains(text(),'Log in')]]
2023-07-25 10:07:875 INFO  LoginPage :41 - enter email id[[ChromeDriver: chrome on windows (c4ad41d036e3b9788b037a45f52efb47)] -> xpath: //input[@id='Email']]
2023-07-25 10:07:988 INFO  LoginPage :47 - enter password[[ChromeDriver: chrome on windows (c4ad41d036e3b9788b037a45f52efb47)] -> xpath: //input[@id='Password']]
2023-07-25 10:07:259 INFO  LoginPage :53 - click on login button[[ChromeDriver: chrome on windows (c4ad41d036e3b9788b037a45f52efb47)] -> xpath: //button[contains(text(),'Log in')]]
2023-07-25 10:07:404 INFO  HomePage :38 - Click on login link[[ChromeDriver: chrome on windows (25159227fb4470248b9c703ba990547a)] -> xpath: //a[contains(text(),'Log in')]]
2023-07-25 10:07:485 INFO  LoginPage :34 - Verify text welcome[[ChromeDriver: chrome on windows (25159227fb4470248b9c703ba990547a)] -> xpath: //h1[contains(text(),'Welcome, Please Sign In!')]]
2023-07-25 10:07:941 INFO  HomePage :38 - Click on login link[[ChromeDriver: chrome on windows (297ee9ace2748f169fcdca73d88a5a80)] -> xpath: //a[contains(text(),'Log in')]]
2023-07-25 10:07:108 INFO  LoginPage :41 - enter email id[[ChromeDriver: chrome on windows (297ee9ace2748f169fcdca73d88a5a80)] -> xpath: //input[@id='Email']]
2023-07-25 10:07:259 INFO  LoginPage :47 - enter password[[ChromeDriver: chrome on windows (297ee9ace2748f169fcdca73d88a5a80)] -> xpath: //input[@id='Password']]
2023-07-25 10:07:705 INFO  LoginPage :53 - click on login button[[ChromeDriver: chrome on windows (297ee9ace2748f169fcdca73d88a5a80)] -> xpath: //button[contains(text(),'Log in')]]
2023-07-25 10:07:864 INFO  LoginPage :59 - Verify error text[[ChromeDriver: chrome on windows (297ee9ace2748f169fcdca73d88a5a80)] -> xpath: //div[@class='message-error validation-summary-errors']]
2023-07-25 10:07:103 INFO  HomePage :38 - Click on login link[[ChromeDriver: chrome on windows (9fc9c1744d10593e043e97aa80433356)] -> xpath: //a[contains(text(),'Log in')]]
2023-07-25 10:07:466 INFO  LoginPage :41 - enter email id[[ChromeDriver: chrome on windows (9fc9c1744d10593e043e97aa80433356)] -> xpath: //input[@id='Email']]
2023-07-25 10:07:681 INFO  LoginPage :47 - enter password[[ChromeDriver: chrome on windows (9fc9c1744d10593e043e97aa80433356)] -> xpath: //input[@id='Password']]
2023-07-25 10:07:235 INFO  LoginPage :53 - click on login button[[ChromeDriver: chrome on windows (9fc9c1744d10593e043e97aa80433356)] -> xpath: //button[contains(text(),'Log in')]]
2023-07-25 10:07:518 INFO  HomePage :44 - Verify text Logout[[ChromeDriver: chrome on windows (9fc9c1744d10593e043e97aa80433356)] -> xpath: //a[contains(text(),'Log out')]]
2023-07-25 10:07:531 INFO  HomePage :38 - Click on login link[[ChromeDriver: chrome on windows (8be9c522335b9a210fe7deb0871d2b91)] -> xpath: //a[contains(text(),'Log in')]]
2023-07-25 10:07:706 INFO  LoginPage :41 - enter email id[[ChromeDriver: chrome on windows (8be9c522335b9a210fe7deb0871d2b91)] -> xpath: //input[@id='Email']]
2023-07-25 10:07:904 INFO  LoginPage :47 - enter password[[ChromeDriver: chrome on windows (8be9c522335b9a210fe7deb0871d2b91)] -> xpath: //input[@id='Password']]
2023-07-25 10:07:356 INFO  LoginPage :53 - click on login button[[ChromeDriver: chrome on windows (8be9c522335b9a210fe7deb0871d2b91)] -> xpath: //button[contains(text(),'Log in')]]
2023-07-25 10:07:243 INFO  HomePage :51 - Click on logout link[[ChromeDriver: chrome on windows (8be9c522335b9a210fe7deb0871d2b91)] -> xpath: //a[contains(text(),'Log out')]]
2023-07-25 10:07:320 INFO  HomePage :57 - Verify text Login link[[ChromeDriver: chrome on windows (8be9c522335b9a210fe7deb0871d2b91)] -> xpath: //a[contains(text(),'Log in')]]
2023-07-25 10:07:991 INFO  HomePage :64 - Click on register link[[ChromeDriver: chrome on windows (a917daf5b1b95650f9ec0d4730f7fe0f)] -> xpath: //a[contains(text(),'Register')]]
2023-07-25 10:07:276 INFO  RegisterPage :87 - Verify first name text required[[ChromeDriver: chrome on windows (a917daf5b1b95650f9ec0d4730f7fe0f)] -> xpath: //span[@id='FirstName-error']]
2023-07-25 10:07:325 INFO  RegisterPage :94 - Verify last name text required[[ChromeDriver: chrome on windows (a917daf5b1b95650f9ec0d4730f7fe0f)] -> xpath: //span[@id='LastName-error']]
2023-07-25 10:07:360 INFO  RegisterPage :101 - Verify email text required[[ChromeDriver: chrome on windows (a917daf5b1b95650f9ec0d4730f7fe0f)] -> xpath: //span[@id='Email-error']]
2023-07-25 10:07:446 INFO  RegisterPage :108 - Verify password text required[[ChromeDriver: chrome on windows (a917daf5b1b95650f9ec0d4730f7fe0f)] -> xpath: //span[@id='Password-error']]
2023-07-25 10:07:547 INFO  RegisterPage :115 - Verify confirm password text required[[ChromeDriver: chrome on windows (a917daf5b1b95650f9ec0d4730f7fe0f)] -> xpath: //span[@id='ConfirmPassword-error']]
2023-07-25 10:07:276 INFO  HomePage :64 - Click on register link[[ChromeDriver: chrome on windows (54deda3e109f4c36bf4cce273dbcbb26)] -> xpath: //a[contains(text(),'Register')]]
2023-07-25 10:07:559 INFO  HomePage :64 - Click on register link[[ChromeDriver: chrome on windows (f2b864668c6d6bcc383d4785c71ca676)] -> xpath: //a[contains(text(),'Register')]]
2023-07-25 10:07:920 INFO  RegisterPage :87 - Verify first name text required[[ChromeDriver: chrome on windows (f2b864668c6d6bcc383d4785c71ca676)] -> xpath: //span[@id='FirstName-error']]
2023-07-25 10:07:978 INFO  RegisterPage :94 - Verify last name text required[[ChromeDriver: chrome on windows (f2b864668c6d6bcc383d4785c71ca676)] -> xpath: //span[@id='LastName-error']]
2023-07-25 10:07:33 INFO  RegisterPage :101 - Verify email text required[[ChromeDriver: chrome on windows (f2b864668c6d6bcc383d4785c71ca676)] -> xpath: //span[@id='Email-error']]
2023-07-25 10:07:81 INFO  RegisterPage :108 - Verify password text required[[ChromeDriver: chrome on windows (f2b864668c6d6bcc383d4785c71ca676)] -> xpath: //span[@id='Password-error']]
2023-07-25 10:07:135 INFO  RegisterPage :115 - Verify confirm password text required[[ChromeDriver: chrome on windows (f2b864668c6d6bcc383d4785c71ca676)] -> xpath: //span[@id='ConfirmPassword-error']]
2023-07-25 11:07:733 INFO  HomePage :64 - Click on register link[[ChromeDriver: chrome on windows (da165b39ac7f4f2dc648d91fc4bb2fe4)] -> xpath: //a[contains(text(),'Register')]]
2023-07-25 11:07:472 INFO  HomePage :64 - Click on register link[[ChromeDriver: chrome on windows (e836df8ac4201da92bb4b20201c7fc91)] -> xpath: //a[contains(text(),'Register')]]
2023-07-25 11:07:944 INFO  RegisterPage :87 - Verify first name text required[[ChromeDriver: chrome on windows (e836df8ac4201da92bb4b20201c7fc91)] -> xpath: //span[@id='FirstName-error']]
2023-07-25 11:07:46 INFO  RegisterPage :94 - Verify last name text required[[ChromeDriver: chrome on windows (e836df8ac4201da92bb4b20201c7fc91)] -> xpath: //span[@id='LastName-error']]
2023-07-25 11:07:88 INFO  RegisterPage :101 - Verify email text required[[ChromeDriver: chrome on windows (e836df8ac4201da92bb4b20201c7fc91)] -> xpath: //span[@id='Email-error']]
2023-07-25 11:07:126 INFO  RegisterPage :108 - Verify password text required[[ChromeDriver: chrome on windows (e836df8ac4201da92bb4b20201c7fc91)] -> xpath: //span[@id='Password-error']]
2023-07-25 11:07:168 INFO  RegisterPage :115 - Verify confirm password text required[[ChromeDriver: chrome on windows (e836df8ac4201da92bb4b20201c7fc91)] -> xpath: //span[@id='ConfirmPassword-error']]
2023-07-25 11:07:300 INFO  HomePage :64 - Click on register link[[ChromeDriver: chrome on windows (fb2b35331f0deefec15554b21fdc9a53)] -> xpath: //a[contains(text(),'Register')]]
2023-07-25 11:07:578 INFO  RegisterPage :127 - select gender[[[ChromeDriver: chrome on windows (fb2b35331f0deefec15554b21fdc9a53)] -> xpath: //div[@class='gender']]]
2023-07-25 11:07:950 INFO  RegisterPage :133 - enter firstname[[ChromeDriver: chrome on windows (fb2b35331f0deefec15554b21fdc9a53)] -> xpath: //input[@id='FirstName']]
2023-07-25 11:07:164 INFO  RegisterPage :139 - enter lastname[[ChromeDriver: chrome on windows (fb2b35331f0deefec15554b21fdc9a53)] -> xpath: //input[@id='LastName']]
2023-07-25 11:07:740 INFO  RegisterPage :145 - select day[[ChromeDriver: chrome on windows (fb2b35331f0deefec15554b21fdc9a53)] -> xpath: //select[@name='DateOfBirthDay']]
2023-07-25 11:07:256 INFO  RegisterPage :151 - select month[[ChromeDriver: chrome on windows (fb2b35331f0deefec15554b21fdc9a53)] -> xpath: //select[@name='DateOfBirthMonth']]
2023-07-25 11:07:946 INFO  RegisterPage :157 - select year[[ChromeDriver: chrome on windows (fb2b35331f0deefec15554b21fdc9a53)] -> xpath: //select[@name='DateOfBirthYear']]
2023-07-25 11:07:131 INFO  RegisterPage :163 - enter email[[ChromeDriver: chrome on windows (fb2b35331f0deefec15554b21fdc9a53)] -> xpath: //input[@id='Email']]
2023-07-25 11:07:265 INFO  RegisterPage :169 - enter password[[ChromeDriver: chrome on windows (fb2b35331f0deefec15554b21fdc9a53)] -> xpath: //input[@id='Password']]
2023-07-25 11:07:599 INFO  RegisterPage :175 - enter confirm password[[ChromeDriver: chrome on windows (fb2b35331f0deefec15554b21fdc9a53)] -> xpath: //input[@id='ConfirmPassword']]
2023-07-25 11:07:598 INFO  RegisterPage :181 - Verify register text[[ChromeDriver: chrome on windows (fb2b35331f0deefec15554b21fdc9a53)] -> xpath: //div[@class='result']]
2023-07-25 11:07:201 INFO  HomePage :64 - Click on register link[[ChromeDriver: chrome on windows (faa646680d69d1f6fff978a873cd0369)] -> xpath: //a[contains(text(),'Register')]]
2023-07-25 11:07:461 INFO  RegisterPage :87 - Verify first name text required[[ChromeDriver: chrome on windows (faa646680d69d1f6fff978a873cd0369)] -> xpath: //span[@id='FirstName-error']]
2023-07-25 11:07:505 INFO  RegisterPage :94 - Verify last name text required[[ChromeDriver: chrome on windows (faa646680d69d1f6fff978a873cd0369)] -> xpath: //span[@id='LastName-error']]
2023-07-25 11:07:545 INFO  RegisterPage :101 - Verify email text required[[ChromeDriver: chrome on windows (faa646680d69d1f6fff978a873cd0369)] -> xpath: //span[@id='Email-error']]
2023-07-25 11:07:588 INFO  RegisterPage :108 - Verify password text required[[ChromeDriver: chrome on windows (faa646680d69d1f6fff978a873cd0369)] -> xpath: //span[@id='Password-error']]
2023-07-25 11:07:638 INFO  RegisterPage :115 - Verify confirm password text required[[ChromeDriver: chrome on windows (faa646680d69d1f6fff978a873cd0369)] -> xpath: //span[@id='ConfirmPassword-error']]
2023-07-25 11:07:868 INFO  HomePage :64 - Click on register link[[ChromeDriver: chrome on windows (641f371199322ff1e6867d1b6e935410)] -> xpath: //a[contains(text(),'Register')]]
2023-07-25 11:07:215 INFO  HomePage :70 - Click on computer tab[[ChromeDriver: chrome on windows (bc6a11bd694cf2b30105608f9dcc9aaf)] -> xpath: //ul[@class='top-menu notmobile']//a[normalize-space()='Computers']]
2023-07-25 11:07:754 INFO  ComputerPage :32 - Click on desktop link[[ChromeDriver: chrome on windows (bc6a11bd694cf2b30105608f9dcc9aaf)] -> xpath: //a[@title='Show products in category Desktops'][normalize-space()='Desktops']]
2023-07-25 11:07:251 INFO  HomePage :70 - Click on computer tab[[ChromeDriver: chrome on windows (e6e153f2f48ddbdfabcc5f00c93fcf36)] -> xpath: //ul[@class='top-menu notmobile']//a[normalize-space()='Computers']]
2023-07-25 11:07:848 INFO  ComputerPage :32 - Click on desktop link[[ChromeDriver: chrome on windows (e6e153f2f48ddbdfabcc5f00c93fcf36)] -> xpath: //a[@title='Show products in category Desktops'][normalize-space()='Desktops']]
2023-07-25 11:07:446 INFO  HomePage :70 - Click on computer tab[[ChromeDriver: chrome on windows (d5ff195258c8a677ed03c86d9ba73f88)] -> xpath: //ul[@class='top-menu notmobile']//a[normalize-space()='Computers']]
2023-07-25 11:07:507 INFO  ComputerPage :25 - Verify text computer[[ChromeDriver: chrome on windows (d5ff195258c8a677ed03c86d9ba73f88)] -> xpath: //h1[normalize-space()='Computers']]
2023-07-25 11:07:141 INFO  HomePage :70 - Click on computer tab[[ChromeDriver: chrome on windows (e56bf4935aba66c7642f26ae461aef3f)] -> xpath: //ul[@class='top-menu notmobile']//a[normalize-space()='Computers']]
2023-07-25 11:07:875 INFO  ComputerPage :32 - Click on desktop link[[ChromeDriver: chrome on windows (e56bf4935aba66c7642f26ae461aef3f)] -> xpath: //a[@title='Show products in category Desktops'][normalize-space()='Desktops']]
2023-07-25 11:07:72 INFO  DesktopsPage :27 - Verify text Desktop[[ChromeDriver: chrome on windows (e56bf4935aba66c7642f26ae461aef3f)] -> xpath: //h1[normalize-space()='Desktops']]
2023-07-25 11:07:777 INFO  HomePage :70 - Click on computer tab[[ChromeDriver: chrome on windows (1ecc6001023504ecb4fa1038ea96d57a)] -> xpath: //ul[@class='top-menu notmobile']//a[normalize-space()='Computers']]
2023-07-25 11:07:836 INFO  ComputerPage :25 - Verify text computer[[ChromeDriver: chrome on windows (1ecc6001023504ecb4fa1038ea96d57a)] -> xpath: //h1[normalize-space()='Computers']]
2023-07-25 12:07:494 INFO  HomePage :70 - Click on computer tab[[ChromeDriver: chrome on windows (fd51e2be1707d78dca7eb70f84e44e16)] -> xpath: //ul[@class='top-menu notmobile']//a[normalize-space()='Computers']]
2023-07-25 12:07:875 INFO  ComputerPage :32 - Click on desktop link[[ChromeDriver: chrome on windows (fd51e2be1707d78dca7eb70f84e44e16)] -> xpath: //a[@title='Show products in category Desktops'][normalize-space()='Desktops']]
2023-07-25 12:07:939 INFO  DesktopsPage :27 - Verify text Desktop[[ChromeDriver: chrome on windows (fd51e2be1707d78dca7eb70f84e44e16)] -> xpath: //h1[normalize-space()='Desktops']]
2023-07-25 12:07:198 INFO  HomePage :70 - Click on computer tab[[ChromeDriver: chrome on windows (24f625e7b4bfb5b24980b2cf10a970af)] -> xpath: //ul[@class='top-menu notmobile']//a[normalize-space()='Computers']]
2023-07-25 12:07:848 INFO  ComputerPage :32 - Click on desktop link[[ChromeDriver: chrome on windows (24f625e7b4bfb5b24980b2cf10a970af)] -> xpath: //a[@title='Show products in category Desktops'][normalize-space()='Desktops']]
2023-07-25 12:07:642 INFO  DesktopsPage :39 - Select products from list [[[ChromeDriver: chrome on windows (24f625e7b4bfb5b24980b2cf10a970af)] -> xpath: //div[@class='product-item']], [[ChromeDriver: chrome on windows (24f625e7b4bfb5b24980b2cf10a970af)] -> xpath: //div[@class='product-item']], [[ChromeDriver: chrome on windows (24f625e7b4bfb5b24980b2cf10a970af)] -> xpath: //div[@class='product-item']]]
2023-07-25 12:07:790 INFO  BuildYourOwnComputerPage :42 - Select Processor[[ChromeDriver: chrome on windows (24f625e7b4bfb5b24980b2cf10a970af)] -> xpath: //select[@name='product_attribute_1']]
2023-07-25 12:07:915 INFO  BuildYourOwnComputerPage :48 - Select Ram[[ChromeDriver: chrome on windows (24f625e7b4bfb5b24980b2cf10a970af)] -> css selector: #product_attribute_2]
2023-07-25 12:07:126 INFO  BuildYourOwnComputerPage :53 - Select Hdd[[ChromeDriver: chrome on windows (24f625e7b4bfb5b24980b2cf10a970af)] -> xpath: //input[@name='product_attribute_3']]
2023-07-25 12:07:315 INFO  BuildYourOwnComputerPage :58 - Select Os[[ChromeDriver: chrome on windows (24f625e7b4bfb5b24980b2cf10a970af)] -> xpath: //input[@name='product_attribute_4']]
2023-07-25 12:07:496 INFO  BuildYourOwnComputerPage :64 - Select software[[ChromeDriver: chrome on windows (24f625e7b4bfb5b24980b2cf10a970af)] -> xpath: //input[@name='product_attribute_5']]
2023-07-25 12:07:586 INFO  BuildYourOwnComputerPage :70 - Click On add to cart button[[ChromeDriver: chrome on windows (24f625e7b4bfb5b24980b2cf10a970af)] -> xpath: //button[@id='add-to-cart-button-1']]
2023-07-25 12:07:990 INFO  BuildYourOwnComputerPage :76 - Verify text product added to cart[[ChromeDriver: chrome on windows (24f625e7b4bfb5b24980b2cf10a970af)] -> xpath: //p[@class='content']]
2023-07-25 12:07:613 INFO  HomePage :70 - Click on computer tab[[ChromeDriver: chrome on windows (a09ebe1c8ffed41f815d122960480af5)] -> xpath: //ul[@class='top-menu notmobile']//a[normalize-space()='Computers']]
2023-07-25 12:07:974 INFO  ComputerPage :32 - Click on desktop link[[ChromeDriver: chrome on windows (a09ebe1c8ffed41f815d122960480af5)] -> xpath: //a[@title='Show products in category Desktops'][normalize-space()='Desktops']]
2023-07-25 12:07:485 INFO  DesktopsPage :39 - Select products from list [[[ChromeDriver: chrome on windows (a09ebe1c8ffed41f815d122960480af5)] -> xpath: //div[@class='product-item']], [[ChromeDriver: chrome on windows (a09ebe1c8ffed41f815d122960480af5)] -> xpath: //div[@class='product-item']], [[ChromeDriver: chrome on windows (a09ebe1c8ffed41f815d122960480af5)] -> xpath: //div[@class='product-item']]]
2023-07-25 12:07:566 INFO  BuildYourOwnComputerPage :42 - Select Processor[[ChromeDriver: chrome on windows (a09ebe1c8ffed41f815d122960480af5)] -> xpath: //select[@name='product_attribute_1']]
2023-07-25 12:07:677 INFO  BuildYourOwnComputerPage :48 - Select Ram[[ChromeDriver: chrome on windows (a09ebe1c8ffed41f815d122960480af5)] -> css selector: #product_attribute_2]
2023-07-25 12:07:848 INFO  BuildYourOwnComputerPage :53 - Select Hdd[[ChromeDriver: chrome on windows (a09ebe1c8ffed41f815d122960480af5)] -> xpath: //input[@name='product_attribute_3']]
2023-07-25 12:07:19 INFO  BuildYourOwnComputerPage :58 - Select Os[[ChromeDriver: chrome on windows (a09ebe1c8ffed41f815d122960480af5)] -> xpath: //input[@name='product_attribute_4']]
2023-07-25 12:07:216 INFO  BuildYourOwnComputerPage :64 - Select software[[ChromeDriver: chrome on windows (a09ebe1c8ffed41f815d122960480af5)] -> xpath: //input[@name='product_attribute_5']]
2023-07-25 12:07:320 INFO  BuildYourOwnComputerPage :70 - Click On add to cart button[[ChromeDriver: chrome on windows (a09ebe1c8ffed41f815d122960480af5)] -> xpath: //button[@id='add-to-cart-button-1']]
2023-07-25 12:07:495 INFO  BuildYourOwnComputerPage :76 - Verify text product added to cart[[ChromeDriver: chrome on windows (a09ebe1c8ffed41f815d122960480af5)] -> xpath: //p[@class='content']]
2023-07-25 12:07:678 INFO  HomePage :70 - Click on computer tab[[ChromeDriver: chrome on windows (269d0df48918704776c6f557d1628290)] -> xpath: //ul[@class='top-menu notmobile']//a[normalize-space()='Computers']]
2023-07-25 12:07:25 INFO  ComputerPage :32 - Click on desktop link[[ChromeDriver: chrome on windows (269d0df48918704776c6f557d1628290)] -> xpath: //a[@title='Show products in category Desktops'][normalize-space()='Desktops']]
2023-07-25 12:07:453 INFO  DesktopsPage :39 - Select products from list [[[ChromeDriver: chrome on windows (269d0df48918704776c6f557d1628290)] -> xpath: //div[@class='product-item']], [[ChromeDriver: chrome on windows (269d0df48918704776c6f557d1628290)] -> xpath: //div[@class='product-item']], [[ChromeDriver: chrome on windows (269d0df48918704776c6f557d1628290)] -> xpath: //div[@class='product-item']]]
2023-07-25 12:07:545 INFO  BuildYourOwnComputerPage :42 - Select Processor[[ChromeDriver: chrome on windows (269d0df48918704776c6f557d1628290)] -> xpath: //select[@name='product_attribute_1']]
2023-07-25 12:07:664 INFO  BuildYourOwnComputerPage :48 - Select Ram[[ChromeDriver: chrome on windows (269d0df48918704776c6f557d1628290)] -> css selector: #product_attribute_2]
2023-07-25 12:07:839 INFO  BuildYourOwnComputerPage :53 - Select Hdd[[ChromeDriver: chrome on windows (269d0df48918704776c6f557d1628290)] -> xpath: //input[@name='product_attribute_3']]
2023-07-25 12:07:26 INFO  BuildYourOwnComputerPage :58 - Select Os[[ChromeDriver: chrome on windows (269d0df48918704776c6f557d1628290)] -> xpath: //input[@name='product_attribute_4']]
2023-07-25 12:07:227 INFO  BuildYourOwnComputerPage :64 - Select software[[ChromeDriver: chrome on windows (269d0df48918704776c6f557d1628290)] -> xpath: //input[@name='product_attribute_5']]
2023-07-25 12:07:319 INFO  BuildYourOwnComputerPage :70 - Click On add to cart button[[ChromeDriver: chrome on windows (269d0df48918704776c6f557d1628290)] -> xpath: //button[@id='add-to-cart-button-1']]
2023-07-25 12:07:507 INFO  BuildYourOwnComputerPage :76 - Verify text product added to cart[[ChromeDriver: chrome on windows (269d0df48918704776c6f557d1628290)] -> xpath: //p[@class='content']]
